<?xml version="1.0" encoding="UTF-8"?>
<!-- Generated by org.testng.reporters.JUnitReportReporter -->
<testsuite hostname="alex-pc" name="com.example.tests.GroupCreationTests" tests="5" failures="0" timestamp="8 Nov 2014 19:00:58 GMT" time="12.282" errors="0">
  <testcase name="testGroupCreationwithValidData" time="2.262" classname="com.example.tests.GroupCreationTests"/>
  <testcase name="testGroupCreationwithValidData" time="2.601" classname="com.example.tests.GroupCreationTests"/>
  <testcase name="testGroupCreationwithValidData" time="2.207" classname="com.example.tests.GroupCreationTests"/>
  <testcase name="testGroupCreationwithValidData" time="2.607" classname="com.example.tests.GroupCreationTests"/>
  <testcase name="testGroupCreationwithValidData" time="2.605" classname="com.example.tests.GroupCreationTests"/>
</testsuite> <!-- com.example.tests.GroupCreationTests -->
