<?xml version="1.0" encoding="UTF-8"?>
<!-- Generated by org.testng.reporters.JUnitReportReporter -->
<testsuite hostname="alex-pc" name="com.example.tests.ContactModificationTests" tests="1" failures="0" timestamp="8 Nov 2014 19:00:58 GMT" time="1.236" errors="0">
  <testcase name="modificationSomeContact" time="1.236" classname="com.example.tests.ContactModificationTests"/>
</testsuite> <!-- com.example.tests.ContactModificationTests -->
