<?xml version="1.0" encoding="UTF-8"?>
<!-- Generated by org.testng.reporters.JUnitReportReporter -->
<testsuite hostname="alex-pc" name="com.example.tests.GroupCreationTests" tests="2" failures="0" timestamp="4 Nov 2014 21:11:12 GMT" time="3.061" errors="0">
  <testcase name="testEmptyGroupCreation" time="1.403" classname="com.example.tests.GroupCreationTests"/>
  <testcase name="testNonEmptyGroupCreation" time="1.658" classname="com.example.tests.GroupCreationTests"/>
</testsuite> <!-- com.example.tests.GroupCreationTests -->
