<?xml version="1.0" encoding="UTF-8"?>
<!-- Generated by org.testng.reporters.JUnitReportReporter -->
<testsuite hostname="alex-pc" name="com.example.tests.GroupModificationTests" tests="5" failures="0" timestamp="8 Nov 2014 19:00:58 GMT" time="12.718" errors="0">
  <testcase name="modificationSomeGroup" time="2.289" classname="com.example.tests.GroupModificationTests"/>
  <testcase name="modificationSomeGroup" time="2.496" classname="com.example.tests.GroupModificationTests"/>
  <testcase name="modificationSomeGroup" time="2.354" classname="com.example.tests.GroupModificationTests"/>
  <testcase name="modificationSomeGroup" time="2.327" classname="com.example.tests.GroupModificationTests"/>
  <testcase name="modificationSomeGroup" time="3.252" classname="com.example.tests.GroupModificationTests"/>
</testsuite> <!-- com.example.tests.GroupModificationTests -->
