<?xml version="1.0" encoding="UTF-8"?>
<!-- Generated by org.testng.reporters.JUnitReportReporter -->
<testsuite hostname="alex-pc" name="com.example.tests.GroupCreationTests" tests="5" failures="0" timestamp="16 Nov 2014 23:52:20 GMT" time="16.781" errors="0">
  <testcase name="testGroupCreationwithValidData" time="3.310" classname="com.example.tests.GroupCreationTests"/>
  <testcase name="testGroupCreationwithValidData" time="3.613" classname="com.example.tests.GroupCreationTests"/>
  <testcase name="testGroupCreationwithValidData" time="3.258" classname="com.example.tests.GroupCreationTests"/>
  <testcase name="testGroupCreationwithValidData" time="3.381" classname="com.example.tests.GroupCreationTests"/>
  <testcase name="testGroupCreationwithValidData" time="3.219" classname="com.example.tests.GroupCreationTests"/>
</testsuite> <!-- com.example.tests.GroupCreationTests -->
