<?xml version="1.0" encoding="UTF-8"?>
<!-- Generated by org.testng.reporters.JUnitReportReporter -->
<testsuite hostname="alex-pc" name="com.example.tests.ContactCreationTests" tests="2" failures="0" timestamp="4 Nov 2014 21:11:12 GMT" time="6.786" errors="0">
  <testcase name="testEmptyContactCreation" time="1.660" classname="com.example.tests.ContactCreationTests"/>
  <testcase name="testNonEmptyContactCreation" time="5.126" classname="com.example.tests.ContactCreationTests"/>
</testsuite> <!-- com.example.tests.ContactCreationTests -->
