<?xml version="1.0" encoding="UTF-8"?>
<!-- Generated by org.testng.reporters.JUnitReportReporter -->
<testsuite hostname="alex-pc" name="com.example.tests.ContactModificationTests" tests="1" failures="0" timestamp="4 Nov 2014 21:11:12 GMT" time="1.223" errors="0">
  <testcase name="modificationSomeContact" time="1.223" classname="com.example.tests.ContactModificationTests"/>
</testsuite> <!-- com.example.tests.ContactModificationTests -->
