<?xml version="1.0" encoding="UTF-8"?>
<!-- Generated by org.testng.reporters.JUnitReportReporter -->
<testsuite hostname="alex-pc" name="com.example.tests.GroupModificationTests" tests="1" failures="0" timestamp="3 Nov 2014 12:29:53 GMT" time="2.890" errors="0">
  <testcase name="modificationSomeGroup" time="2.890" classname="com.example.tests.GroupModificationTests"/>
</testsuite> <!-- com.example.tests.GroupModificationTests -->
