<?xml version="1.0" encoding="UTF-8"?>
<!-- Generated by org.testng.reporters.JUnitReportReporter -->
<testsuite hostname="alex-pc" name="com.example.tests.ContactCreationTests" tests="2" failures="0" timestamp="3 Nov 2014 12:29:53 GMT" time="6.757" errors="0">
  <testcase name="testNonEmptyContactCreation" time="5.141" classname="com.example.tests.ContactCreationTests"/>
  <testcase name="testEmptyContactCreation" time="1.616" classname="com.example.tests.ContactCreationTests"/>
</testsuite> <!-- com.example.tests.ContactCreationTests -->
