<?xml version="1.0" encoding="UTF-8"?>
<!-- Generated by org.testng.reporters.JUnitReportReporter -->
<testsuite hostname="alex-pc" name="com.example.tests.GroupModificationTests" tests="1" failures="0" timestamp="4 Nov 2014 21:11:12 GMT" time="2.369" errors="0">
  <testcase name="modificationSomeGroup" time="2.369" classname="com.example.tests.GroupModificationTests"/>
</testsuite> <!-- com.example.tests.GroupModificationTests -->
