<?xml version="1.0" encoding="UTF-8"?>
<!-- Generated by org.testng.reporters.JUnitReportReporter -->
<testsuite hostname="alex-pc" name="com.example.tests.ContactCreationTests" tests="2" failures="0" timestamp="26 Oct 2014 22:28:01 GMT" time="6.634" errors="0">
  <testcase name="testEmptyContactCreation" time="1.516" classname="com.example.tests.ContactCreationTests"/>
  <testcase name="testNonEmptyContactCreation" time="5.118" classname="com.example.tests.ContactCreationTests"/>
</testsuite> <!-- com.example.tests.ContactCreationTests -->
