<?xml version="1.0" encoding="UTF-8"?>
<!-- Generated by org.testng.reporters.JUnitReportReporter -->
<testsuite hostname="alex-pc" name="com.example.tests.GroupRemovalTests" tests="1" failures="0" timestamp="3 Nov 2014 12:29:53 GMT" time="1.114" errors="0">
  <testcase name="deleteSomeGroup" time="1.114" classname="com.example.tests.GroupRemovalTests"/>
</testsuite> <!-- com.example.tests.GroupRemovalTests -->
