<?xml version="1.0" encoding="UTF-8"?>
<!-- Generated by org.testng.reporters.JUnitReportReporter -->
<testsuite hostname="alex-pc" name="com.example.tests.ContactRemovalTests" tests="1" failures="0" timestamp="8 Nov 2014 19:00:58 GMT" time="1.839" errors="0">
  <testcase name="deleteSomeContact" time="1.839" classname="com.example.tests.ContactRemovalTests"/>
</testsuite> <!-- com.example.tests.ContactRemovalTests -->
