<?xml version="1.0" encoding="UTF-8"?>
<!-- Generated by org.testng.reporters.JUnitReportReporter -->
<testsuite hostname="alex-pc" name="com.example.tests.ContactCreationTests" tests="2" failures="0" timestamp="16 Nov 2014 23:52:20 GMT" time="11.625" errors="0">
  <testcase name="testNonEmptyContactCreation" time="7.456" classname="com.example.tests.ContactCreationTests"/>
  <testcase name="testEmptyContactCreation" time="4.169" classname="com.example.tests.ContactCreationTests"/>
</testsuite> <!-- com.example.tests.ContactCreationTests -->
