<?xml version="1.0" encoding="UTF-8"?>
<!-- Generated by org.testng.reporters.JUnitReportReporter -->
<testsuite hostname="alex-pc" name="com.example.tests.ContactRemovalTests" tests="1" failures="0" timestamp="16 Nov 2014 23:52:20 GMT" time="2.923" errors="0">
  <testcase name="deleteSomeContact" time="2.923" classname="com.example.tests.ContactRemovalTests"/>
</testsuite> <!-- com.example.tests.ContactRemovalTests -->
