<?xml version="1.0" encoding="UTF-8"?>
<!-- Generated by org.testng.reporters.JUnitReportReporter -->
<testsuite hostname="alex-pc" name="com.example.tests.GroupRemovalTests" tests="1" failures="0" timestamp="4 Nov 2014 21:11:12 GMT" time="1.100" errors="0">
  <testcase name="deleteSomeGroup" time="1.100" classname="com.example.tests.GroupRemovalTests"/>
</testsuite> <!-- com.example.tests.GroupRemovalTests -->
