<?xml version="1.0" encoding="UTF-8"?>
<!-- Generated by org.testng.reporters.JUnitReportReporter -->
<testsuite hostname="alex-pc" name="com.example.tests.AdressCreationTests" tests="2" failures="0" timestamp="26 Oct 2014 22:23:04 GMT" time="6.737" errors="0">
  <testcase name="testNonEmptyContactCreation" time="5.206" classname="com.example.tests.AdressCreationTests"/>
  <testcase name="testEmptyContactCreation" time="1.531" classname="com.example.tests.AdressCreationTests"/>
</testsuite> <!-- com.example.tests.AdressCreationTests -->
