<?xml version="1.0" encoding="UTF-8"?>
<!-- Generated by org.testng.reporters.JUnitReportReporter -->
<testsuite hostname="alex-pc" name="com.example.tests.GroupModificationTests" tests="5" failures="0" timestamp="16 Nov 2014 23:52:20 GMT" time="17.626" errors="0">
  <testcase name="modificationSomeGroup" time="3.409" classname="com.example.tests.GroupModificationTests"/>
  <testcase name="modificationSomeGroup" time="3.852" classname="com.example.tests.GroupModificationTests"/>
  <testcase name="modificationSomeGroup" time="3.555" classname="com.example.tests.GroupModificationTests"/>
  <testcase name="modificationSomeGroup" time="3.372" classname="com.example.tests.GroupModificationTests"/>
  <testcase name="modificationSomeGroup" time="3.438" classname="com.example.tests.GroupModificationTests"/>
</testsuite> <!-- com.example.tests.GroupModificationTests -->
