<?xml version="1.0" encoding="UTF-8"?>
<!-- Generated by org.testng.reporters.JUnitReportReporter -->
<testsuite hostname="alex-pc" name="com.example.tests.GroupRemovalTests" tests="1" failures="0" timestamp="16 Nov 2014 23:52:20 GMT" time="3.034" errors="0">
  <testcase name="deleteSomeGroup" time="3.034" classname="com.example.tests.GroupRemovalTests"/>
</testsuite> <!-- com.example.tests.GroupRemovalTests -->
