<?xml version="1.0" encoding="UTF-8"?>
<!-- Generated by org.testng.reporters.JUnitReportReporter -->
<testsuite hostname="alex-pc" name="com.example.tests.GroupCreationTests" tests="2" failures="0" timestamp="26 Oct 2014 22:28:01 GMT" time="5.028" errors="0">
  <testcase name="testEmptyGroupCreation" time="2.414" classname="com.example.tests.GroupCreationTests"/>
  <testcase name="testNonEmptyGroupCreation" time="2.614" classname="com.example.tests.GroupCreationTests"/>
</testsuite> <!-- com.example.tests.GroupCreationTests -->
