<?xml version="1.0" encoding="UTF-8"?>
<!-- Generated by org.testng.reporters.JUnitReportReporter -->
<testsuite hostname="alex-pc" name="com.example.tests.ContactModificationTests" tests="1" failures="0" timestamp="16 Nov 2014 23:52:20 GMT" time="3.158" errors="0">
  <testcase name="modificationSomeContact" time="3.158" classname="com.example.tests.ContactModificationTests"/>
</testsuite> <!-- com.example.tests.ContactModificationTests -->
